0 info it worked if it ends with ok
1 verbose cli [
1 verbose cli   'C:\\Program Files\\nodejs\\node.exe',
1 verbose cli   'C:\\Program Files\\nodejs\\node_modules\\npm\\bin\\npm-cli.js',
1 verbose cli   'start'
1 verbose cli ]
2 info using npm@6.14.15
3 info using node@v14.17.6
4 verbose run-script [ 'prestart', 'start', 'poststart' ]
5 info lifecycle facebook-find-friends@0.1.0~prestart: facebook-find-friends@0.1.0
6 info lifecycle facebook-find-friends@0.1.0~start: facebook-find-friends@0.1.0
7 verbose lifecycle facebook-find-friends@0.1.0~start: unsafe-perm in lifecycle true
8 verbose lifecycle facebook-find-friends@0.1.0~start: PATH: C:\Program Files\nodejs\node_modules\npm\node_modules\npm-lifecycle\node-gyp-bin;C:\projects\facebook-find-friends\node_modules\.bin;C:\Users\Maymuna Islam Mim\bin;C:\Program Files\Git\mingw32\bin;C:\Program Files\Git\usr\local\bin;C:\Program Files\Git\usr\bin;C:\Program Files\Git\usr\bin;C:\Program Files\Git\mingw32\bin;C:\Program Files\Git\usr\bin;C:\Users\Maymuna Islam Mim\bin;C:\Windows\system32;C:\Windows;C:\Windows\System32\Wbem;C:\Windows\System32\WindowsPowerShell\v1.0;C:\Program Files\Git\cmd;C:\Program Files\nodejs;C:\Users\Maymuna Islam Mim\AppData\Local\Programs\Microsoft VS Code\bin;C:\Users\Maymuna Islam Mim\AppData\Roaming\npm;C:\Program Files\Git\usr\bin\vendor_perl;C:\Program Files\Git\usr\bin\core_perl
9 verbose lifecycle facebook-find-friends@0.1.0~start: CWD: C:\projects\facebook-find-friends
10 silly lifecycle facebook-find-friends@0.1.0~start: Args: [ '/d /s /c', 'react-scripts start' ]
11 silly lifecycle facebook-find-friends@0.1.0~start: Returned: code: 1  signal: null
12 info lifecycle facebook-find-friends@0.1.0~start: Failed to exec start script
13 verbose stack Error: facebook-find-friends@0.1.0 start: `react-scripts start`
13 verbose stack Exit status 1
13 verbose stack     at EventEmitter.<anonymous> (C:\Program Files\nodejs\node_modules\npm\node_modules\npm-lifecycle\index.js:332:16)
13 verbose stack     at EventEmitter.emit (events.js:400:28)
13 verbose stack     at ChildProcess.<anonymous> (C:\Program Files\nodejs\node_modules\npm\node_modules\npm-lifecycle\lib\spawn.js:55:14)
13 verbose stack     at ChildProcess.emit (events.js:400:28)
13 verbose stack     at maybeClose (internal/child_process.js:1055:16)
13 verbose stack     at Process.ChildProcess._handle.onexit (internal/child_process.js:288:5)
14 verbose pkgid facebook-find-friends@0.1.0
15 verbose cwd C:\projects\facebook-find-friends
16 verbose Windows_NT 6.3.9600
17 verbose argv "C:\\Program Files\\nodejs\\node.exe" "C:\\Program Files\\nodejs\\node_modules\\npm\\bin\\npm-cli.js" "start"
18 verbose node v14.17.6
19 verbose npm  v6.14.15
20 error code ELIFECYCLE
21 error errno 1
22 error facebook-find-friends@0.1.0 start: `react-scripts start`
22 error Exit status 1
23 error Failed at the facebook-find-friends@0.1.0 start script.
23 error This is probably not a problem with npm. There is likely additional logging output above.
24 verbose exit [ 1, true ]
